<?xml version="1.0" encoding="UTF-8"?>
<testsuite name="RulesRegistrationTest" skipped="0" failures="0" errors="0" tests="1" assertions="6" time="0.000245656">
  <testcase name="test_rules_registration" classname="RulesRegistrationTest" assertions="6" time="0.000245656">
  </testcase>
</testsuite>
